This file contains any messages produced by compilers while
running configure, to aid debugging if configure makes a mistake.

It was created by LibRaw configure 0.21.1, which was
generated by GNU Autoconf 2.71.  Invocation command line was

  $ ./configure

## --------- ##
## Platform. ##
## --------- ##

hostname = Mac-mini-Ilya.local
uname -m = arm64
uname -r = 22.2.0
uname -s = Darwin
uname -v = Darwin Kernel Version 22.2.0: Fri Nov 11 02:04:44 PST 2022; root:xnu-8792.61.2~4/RELEASE_ARM64_T8103

/usr/bin/uname -p = arm
/bin/uname -X     = unknown

/bin/arch              = unknown
/usr/bin/arch -k       = unknown
/usr/convex/getsysinfo = unknown
/usr/bin/hostinfo      = Mach kernel version:
	 Darwin Kernel Version 22.2.0: Fri Nov 11 02:04:44 PST 2022; root:xnu-8792.61.2~4/RELEASE_ARM64_T8103
Kernel configured for up to 8 processors.
8 processors are physically available.
8 processors are logically available.
Processor type: arm64e (ARM64E)
Processors active: 0 1 2 3 4 5 6 7
Primary memory available: 16.00 gigabytes
Default processor set: 377 tasks, 2891 threads, 8 processors
Load average: 1.70, Mach factor: 6.28
/bin/machine           = unknown
/usr/bin/oslevel       = unknown
/bin/universe          = unknown

PATH: /opt/local/bin/
PATH: /opt/local/sbin/
PATH: /Users/nightrain/.cargo/bin/
PATH: /opt/homebrew/bin/
PATH: /opt/homebrew/sbin/
PATH: /usr/local/bin/
PATH: /usr/bin/
PATH: /bin/
PATH: /usr/sbin/
PATH: /sbin/
PATH: /Users/nightrain/Library/Android/sdk/platform-tools/
PATH: /Library/Apple/usr/bin/
PATH: /Applications/010 Editor.app/Contents/CmdLine/


## ----------- ##
## Core tests. ##
## ----------- ##

configure:2760: looking for aux files: ltmain.sh compile config.guess config.sub missing install-sh
configure:2773:  trying ./
configure:2802:   ./ltmain.sh found
configure:2802:   ./compile found
configure:2802:   ./config.guess found
configure:2802:   ./config.sub found
configure:2802:   ./missing found
configure:2784:   ./install-sh found
configure:2931: checking for a BSD-compatible install
configure:3004: result: /usr/bin/install -c
configure:3015: checking whether build environment is sane
configure:3070: result: yes
configure:3229: checking for a race-free mkdir -p
configure:3273: result: ./install-sh -c -d
configure:3280: checking for gawk
configure:3301: found /opt/homebrew/bin/gawk
configure:3312: result: gawk
configure:3323: checking whether make sets $(MAKE)
configure:3346: result: yes
configure:3376: checking whether make supports nested variables
configure:3394: result: yes
configure:3533: checking build system type
configure:3548: result: arm-apple-darwin22.2.0
configure:3568: checking host system type
configure:3582: result: arm-apple-darwin22.2.0
configure:3673: checking for g++
configure:3694: found /usr/bin/g++
configure:3705: result: g++
configure:3732: checking for C++ compiler version
configure:3741: g++ --version >&5
Apple clang version 14.0.0 (clang-1400.0.29.202)
Target: arm64-apple-darwin22.2.0
Thread model: posix
InstalledDir: /Applications/Xcode.app/Contents/Developer/Toolchains/XcodeDefault.xctoolchain/usr/bin
configure:3752: $? = 0
configure:3741: g++ -v >&5
Apple clang version 14.0.0 (clang-1400.0.29.202)
Target: arm64-apple-darwin22.2.0
Thread model: posix
InstalledDir: /Applications/Xcode.app/Contents/Developer/Toolchains/XcodeDefault.xctoolchain/usr/bin
configure:3752: $? = 0
configure:3741: g++ -V >&5
clang: error: argument to '-V' is missing (expected 1 value)
clang: error: no input files
configure:3752: $? = 1
configure:3741: g++ -qversion >&5
clang: error: unknown argument '-qversion'; did you mean '--version'?
clang: error: no input files
configure:3752: $? = 1
configure:3772: checking whether the C++ compiler works
configure:3794: g++    conftest.cpp  >&5
configure:3798: $? = 0
configure:3848: result: yes
configure:3851: checking for C++ compiler default output file name
configure:3853: result: a.out
configure:3859: checking for suffix of executables
configure:3866: g++ -o conftest    conftest.cpp  >&5
configure:3870: $? = 0
configure:3893: result: 
configure:3915: checking whether we are cross compiling
configure:3923: g++ -o conftest    conftest.cpp  >&5
configure:3927: $? = 0
configure:3934: ./conftest
configure:3938: $? = 0
configure:3953: result: no
configure:3958: checking for suffix of object files
configure:3981: g++ -c   conftest.cpp >&5
configure:3985: $? = 0
configure:4007: result: o
configure:4011: checking whether the compiler supports GNU C++
configure:4031: g++ -c   conftest.cpp >&5
configure:4031: $? = 0
configure:4041: result: yes
configure:4052: checking whether g++ accepts -g
configure:4073: g++ -c -g  conftest.cpp >&5
configure:4073: $? = 0
configure:4117: result: yes
configure:4137: checking for g++ option to enable C++11 features
configure:4152: g++  -c -g -O2  conftest.cpp >&5
conftest.cpp:55:3: error: "Compiler does not advertise C++11 conformance"
# error "Compiler does not advertise C++11 conformance"
  ^
conftest.cpp:60:3: error: unknown type name 'constexpr'
  constexpr int get_val() { return 20; }
  ^
conftest.cpp:72:17: error: delegating constructors are permitted only in C++11
    delegate(): delegate(2354) {}
                ^~~~~~~~
conftest.cpp:83:26: warning: 'override' keyword is a C++11 extension [-Wc++11-extensions]
    virtual int getval() override final { return this->n * 2; }
                         ^
conftest.cpp:83:35: warning: 'final' keyword is a C++11 extension [-Wc++11-extensions]
    virtual int getval() override final { return this->n * 2; }
                                  ^
conftest.cpp:90:16: warning: defaulted function definitions are a C++11 extension [-Wc++11-extensions]
    nocopy() = default;
               ^
conftest.cpp:91:29: warning: deleted function definitions are a C++11 extension [-Wc++11-extensions]
    nocopy(const nocopy&) = delete;
                            ^
conftest.cpp:92:41: warning: deleted function definitions are a C++11 extension [-Wc++11-extensions]
    nocopy & operator=(const nocopy&) = delete;
                                        ^
conftest.cpp:104:25: warning: 'auto' type specifier is a C++11 extension [-Wc++11-extensions]
  template <typename V> auto sum(V first) -> V
                        ^
conftest.cpp:104:25: error: 'auto' not allowed in function return type
  template <typename V> auto sum(V first) -> V
                        ^~~~
conftest.cpp:104:42: error: expected ';' at end of declaration
  template <typename V> auto sum(V first) -> V
                                         ^
                                         ;
conftest.cpp:104:43: error: cannot use arrow operator on a type
  template <typename V> auto sum(V first) -> V
                                          ^
conftest.cpp:108:33: warning: variadic templates are a C++11 extension [-Wc++11-extensions]
  template <typename V, typename... Args> auto sum(V first, Args... rest) -> V
                                ^
conftest.cpp:108:43: warning: 'auto' type specifier is a C++11 extension [-Wc++11-extensions]
  template <typename V, typename... Args> auto sum(V first, Args... rest) -> V
                                          ^
conftest.cpp:108:43: error: 'auto' not allowed in function return type
  template <typename V, typename... Args> auto sum(V first, Args... rest) -> V
                                          ^~~~
conftest.cpp:108:74: error: expected ';' at end of declaration
  template <typename V, typename... Args> auto sum(V first, Args... rest) -> V
                                                                         ^
                                                                         ;
conftest.cpp:108:75: error: cannot use arrow operator on a type
  template <typename V, typename... Args> auto sum(V first, Args... rest) -> V
                                                                          ^
conftest.cpp:132:3: warning: 'auto' type specifier is a C++11 extension [-Wc++11-extensions]
  auto a1 = 6538;
  ^
conftest.cpp:133:3: warning: 'auto' type specifier is a C++11 extension [-Wc++11-extensions]
  auto a2 = 48573953.4;
  ^
conftest.cpp:134:3: warning: 'auto' type specifier is a C++11 extension [-Wc++11-extensions]
  auto a3 = "String literal";
  ^
conftest.cpp:137:8: warning: 'auto' type specifier is a C++11 extension [-Wc++11-extensions]
  for (auto i = a3; *i; ++i) { total += *i; }
       ^
conftest.cpp:153:8: warning: 'auto' type specifier is a C++11 extension [-Wc++11-extensions]
  for (auto &x : array) { x += 23; }
       ^
conftest.cpp:153:16: warning: range-based for loop is a C++11 extension [-Wc++11-extensions]
  for (auto &x : array) { x += 23; }
               ^
conftest.cpp:158:17: error: expected expression
  assert (eval ([](int x) { return x*2; }, 21) == 42);
                ^
conftest.cpp:160:17: error: expected expression
  assert (eval ([&](double x) { return d += x; }, 3.0) == 5.0);
                ^
conftest.cpp:162:17: error: expected expression
  assert (eval ([=](double x) mutable { return d += x; }, 4.0) == 9.0);
                ^
conftest.cpp:168:3: warning: 'auto' type specifier is a C++11 extension [-Wc++11-extensions]
  auto a = sum(1);
  ^
conftest.cpp:168:12: error: no matching function for call to 'sum'
  auto a = sum(1);
           ^~~
conftest.cpp:169:3: warning: 'auto' type specifier is a C++11 extension [-Wc++11-extensions]
  auto b = sum(1, 2);
  ^
conftest.cpp:169:12: error: no matching function for call to 'sum'
  auto b = sum(1, 2);
           ^~~
conftest.cpp:170:3: warning: 'auto' type specifier is a C++11 extension [-Wc++11-extensions]
  auto c = sum(1.0, 2.0, 3.0);
  ^
conftest.cpp:170:12: error: no matching function for call to 'sum'
  auto c = sum(1.0, 2.0, 3.0);
           ^~~
conftest.cpp:175:25: warning: empty parentheses interpreted as a function declaration [-Wvexing-parse]
  cxx11test::delegate d2();
                        ^~
conftest.cpp:175:25: note: remove parentheses to declare a variable
  cxx11test::delegate d2();
                        ^~
conftest.cpp:188:16: error: found '<::' after a template name which forms the digraph '<:' (aka '[') and a ':', did you mean '< ::'?
  test_template<::test_template<int>> v(test_template<int>(12));
               ^~~
               < ::
conftest.cpp:188:36: error: a space is required between consecutive right angle brackets (use '> >')
  test_template<::test_template<int>> v(test_template<int>(12));
                                   ^~
                                   > >
conftest.cpp:192:22: error: use of undeclared identifier 'u8'
  char const *utf8 = u8"UTF-8 string \u2500";
                     ^
conftest.cpp:192:24: error: expected ';' at end of declaration
  char const *utf8 = u8"UTF-8 string \u2500";
                       ^
                       ;
fatal error: too many errors emitted, stopping now [-ferror-limit=]
18 warnings and 20 errors generated.
configure:4152: $? = 1
configure: failed program was:
| /* confdefs.h */
| #define PACKAGE_NAME "LibRaw"
| #define PACKAGE_TARNAME "libraw"
| #define PACKAGE_VERSION "0.21.1"
| #define PACKAGE_STRING "LibRaw 0.21.1"
| #define PACKAGE_BUGREPORT "info@libraw.org"
| #define PACKAGE_URL "http://www.libraw.org"
| /* end confdefs.h.  */
| 
| // Does the compiler advertise C++98 conformance?
| #if !defined __cplusplus || __cplusplus < 199711L
| # error "Compiler does not advertise C++98 conformance"
| #endif
| 
| // These inclusions are to reject old compilers that
| // lack the unsuffixed header files.
| #include <cstdlib>
| #include <exception>
| 
| // <cassert> and <cstring> are *not* freestanding headers in C++98.
| extern void assert (int);
| namespace std {
|   extern int strcmp (const char *, const char *);
| }
| 
| // Namespaces, exceptions, and templates were all added after "C++ 2.0".
| using std::exception;
| using std::strcmp;
| 
| namespace {
| 
| void test_exception_syntax()
| {
|   try {
|     throw "test";
|   } catch (const char *s) {
|     // Extra parentheses suppress a warning when building autoconf itself,
|     // due to lint rules shared with more typical C programs.
|     assert (!(strcmp) (s, "test"));
|   }
| }
| 
| template <typename T> struct test_template
| {
|   T const val;
|   explicit test_template(T t) : val(t) {}
|   template <typename U> T add(U u) { return static_cast<T>(u) + val; }
| };
| 
| } // anonymous namespace
| 
| 
| // Does the compiler advertise C++ 2011 conformance?
| #if !defined __cplusplus || __cplusplus < 201103L
| # error "Compiler does not advertise C++11 conformance"
| #endif
| 
| namespace cxx11test
| {
|   constexpr int get_val() { return 20; }
| 
|   struct testinit
|   {
|     int i;
|     double d;
|   };
| 
|   class delegate
|   {
|   public:
|     delegate(int n) : n(n) {}
|     delegate(): delegate(2354) {}
| 
|     virtual int getval() { return this->n; };
|   protected:
|     int n;
|   };
| 
|   class overridden : public delegate
|   {
|   public:
|     overridden(int n): delegate(n) {}
|     virtual int getval() override final { return this->n * 2; }
|   };
| 
|   class nocopy
|   {
|   public:
|     nocopy(int i): i(i) {}
|     nocopy() = default;
|     nocopy(const nocopy&) = delete;
|     nocopy & operator=(const nocopy&) = delete;
|   private:
|     int i;
|   };
| 
|   // for testing lambda expressions
|   template <typename Ret, typename Fn> Ret eval(Fn f, Ret v)
|   {
|     return f(v);
|   }
| 
|   // for testing variadic templates and trailing return types
|   template <typename V> auto sum(V first) -> V
|   {
|     return first;
|   }
|   template <typename V, typename... Args> auto sum(V first, Args... rest) -> V
|   {
|     return first + sum(rest...);
|   }
| }
| 
| 
| int
| main (int argc, char **argv)
| {
|   int ok = 0;
|   
|   assert (argc);
|   assert (! argv[0]);
| {
|   test_exception_syntax ();
|   test_template<double> tt (2.0);
|   assert (tt.add (4) == 6.0);
|   assert (true && !false);
| }
| 
|   
| {
|   // Test auto and decltype
|   auto a1 = 6538;
|   auto a2 = 48573953.4;
|   auto a3 = "String literal";
| 
|   int total = 0;
|   for (auto i = a3; *i; ++i) { total += *i; }
| 
|   decltype(a2) a4 = 34895.034;
| }
| {
|   // Test constexpr
|   short sa[cxx11test::get_val()] = { 0 };
| }
| {
|   // Test initializer lists
|   cxx11test::testinit il = { 4323, 435234.23544 };
| }
| {
|   // Test range-based for
|   int array[] = {9, 7, 13, 15, 4, 18, 12, 10, 5, 3,
|                  14, 19, 17, 8, 6, 20, 16, 2, 11, 1};
|   for (auto &x : array) { x += 23; }
| }
| {
|   // Test lambda expressions
|   using cxx11test::eval;
|   assert (eval ([](int x) { return x*2; }, 21) == 42);
|   double d = 2.0;
|   assert (eval ([&](double x) { return d += x; }, 3.0) == 5.0);
|   assert (d == 5.0);
|   assert (eval ([=](double x) mutable { return d += x; }, 4.0) == 9.0);
|   assert (d == 5.0);
| }
| {
|   // Test use of variadic templates
|   using cxx11test::sum;
|   auto a = sum(1);
|   auto b = sum(1, 2);
|   auto c = sum(1.0, 2.0, 3.0);
| }
| {
|   // Test constructor delegation
|   cxx11test::delegate d1;
|   cxx11test::delegate d2();
|   cxx11test::delegate d3(45);
| }
| {
|   // Test override and final
|   cxx11test::overridden o1(55464);
| }
| {
|   // Test nullptr
|   char *c = nullptr;
| }
| {
|   // Test template brackets
|   test_template<::test_template<int>> v(test_template<int>(12));
| }
| {
|   // Unicode literals
|   char const *utf8 = u8"UTF-8 string \u2500";
|   char16_t const *utf16 = u"UTF-8 string \u2500";
|   char32_t const *utf32 = U"UTF-32 string \u2500";
| }
| 
|   return ok;
| }
| 
configure:4170: result: none needed
configure:4237: checking whether make supports the include directive
configure:4252: make -f confmf.GNU && cat confinc.out
this is the am__doit target
configure:4255: $? = 0
configure:4274: result: yes (GNU style)
configure:4300: checking dependency style of g++
configure:4412: result: gcc3
configure:4489: checking for gcc
configure:4510: found /usr/bin/gcc
configure:4521: result: gcc
configure:4874: checking for C compiler version
configure:4883: gcc --version >&5
Apple clang version 14.0.0 (clang-1400.0.29.202)
Target: arm64-apple-darwin22.2.0
Thread model: posix
InstalledDir: /Applications/Xcode.app/Contents/Developer/Toolchains/XcodeDefault.xctoolchain/usr/bin
configure:4894: $? = 0
configure:4883: gcc -v >&5
Apple clang version 14.0.0 (clang-1400.0.29.202)
Target: arm64-apple-darwin22.2.0
Thread model: posix
InstalledDir: /Applications/Xcode.app/Contents/Developer/Toolchains/XcodeDefault.xctoolchain/usr/bin
configure:4894: $? = 0
configure:4883: gcc -V >&5
clang: error: argument to '-V' is missing (expected 1 value)
clang: error: no input files
configure:4894: $? = 1
configure:4883: gcc -qversion >&5
clang: error: unknown argument '-qversion'; did you mean '--version'?
clang: error: no input files
configure:4894: $? = 1
configure:4883: gcc -version >&5
clang: error: unknown argument '-version'; did you mean '--version'?
clang: error: no input files
configure:4894: $? = 1
configure:4898: checking whether the compiler supports GNU C
configure:4918: gcc -c   conftest.c >&5
configure:4918: $? = 0
configure:4928: result: yes
configure:4939: checking whether gcc accepts -g
configure:4960: gcc -c -g  conftest.c >&5
configure:4960: $? = 0
configure:5004: result: yes
configure:5024: checking for gcc option to enable C11 features
configure:5039: gcc  -c -g -O2  conftest.c >&5
configure:5039: $? = 0
configure:5057: result: none needed
configure:5173: checking whether gcc understands -c and -o together
configure:5196: gcc -c conftest.c -o conftest2.o
configure:5199: $? = 0
configure:5196: gcc -c conftest.c -o conftest2.o
configure:5199: $? = 0
configure:5211: result: yes
configure:5230: checking dependency style of gcc
configure:5342: result: gcc3
configure:5404: checking how to print strings
configure:5431: result: printf
configure:5452: checking for a sed that does not truncate output
configure:5522: result: /usr/bin/sed
configure:5540: checking for grep that handles long lines and -e
configure:5604: result: /usr/bin/grep
configure:5609: checking for egrep
configure:5677: result: /usr/bin/grep -E
configure:5682: checking for fgrep
configure:5750: result: /usr/bin/grep -F
configure:5786: checking for ld used by gcc
configure:5854: result: /Applications/Xcode.app/Contents/Developer/Toolchains/XcodeDefault.xctoolchain/usr/bin/ld
configure:5861: checking if the linker (/Applications/Xcode.app/Contents/Developer/Toolchains/XcodeDefault.xctoolchain/usr/bin/ld) is GNU ld
configure:5877: result: no
configure:5889: checking for BSD- or MS-compatible name lister (nm)
configure:5944: result: /usr/bin/nm -B
configure:6084: checking the name lister (/usr/bin/nm -B) interface
configure:6092: gcc -c -g -O2  conftest.c >&5
configure:6095: /usr/bin/nm -B "conftest.o"
configure:6098: output
000000000000024c S _some_variable
0000000000000000 t ltmp0
000000000000024c s ltmp1
configure:6105: result: BSD nm
configure:6108: checking whether ln -s works
configure:6112: result: yes
configure:6120: checking the maximum length of command line arguments
configure:6252: result: 786432
configure:6300: checking how to convert arm-apple-darwin22.2.0 file names to arm-apple-darwin22.2.0 format
configure:6341: result: func_convert_file_noop
configure:6348: checking how to convert arm-apple-darwin22.2.0 file names to toolchain format
configure:6369: result: func_convert_file_noop
configure:6376: checking for /Applications/Xcode.app/Contents/Developer/Toolchains/XcodeDefault.xctoolchain/usr/bin/ld option to reload object files
configure:6384: result: -r
configure:6463: checking for file
configure:6484: found /usr/bin/file
configure:6495: result: file
configure:6571: checking for objdump
configure:6592: found /usr/bin/objdump
configure:6603: result: objdump
configure:6635: checking how to recognize dependent libraries
configure:6836: result: pass_all
configure:6926: checking for dlltool
configure:6961: result: no
configure:6991: checking how to associate runtime and link libraries
configure:7019: result: printf %s\n
configure:7085: checking for ar
configure:7106: found /usr/bin/ar
configure:7117: result: ar
configure:7170: checking for archiver @FILE support
configure:7188: gcc -c -g -O2  conftest.c >&5
configure:7188: $? = 0
configure:7192: ar cr libconftest.a @conftest.lst >&5
ar: @conftest.lst: No such file or directory
configure:7195: $? = 1
configure:7215: result: no
configure:7278: checking for strip
configure:7299: found /usr/bin/strip
configure:7310: result: strip
configure:7387: checking for ranlib
configure:7408: found /usr/bin/ranlib
configure:7419: result: ranlib
configure:7521: checking command to parse /usr/bin/nm -B output from gcc object
configure:7675: gcc -c -g -O2  conftest.c >&5
configure:7678: $? = 0
configure:7682: /usr/bin/nm -B conftest.o \| /usr/bin/sed -n -e 's/^.*[ ]\([ABCDGIRSTW][ABCDGIRSTW]*\)[ ][ ]*\([_A-Za-z][_A-Za-z0-9]*\)$/\1 \2 \2/p' | /usr/bin/sed '/ __gnu_lto/d' \> conftest.nm
configure:7685: $? = 0
cannot find nm_test_var in conftest.nm
configure:7675: gcc -c -g -O2  conftest.c >&5
configure:7678: $? = 0
configure:7682: /usr/bin/nm -B conftest.o \| /usr/bin/sed -n -e 's/^.*[ ]\([ABCDGIRSTW][ABCDGIRSTW]*\)[ ][ ]*_\([_A-Za-z][_A-Za-z0-9]*\)$/\1 _\2 \2/p' | /usr/bin/sed '/ __gnu_lto/d' \> conftest.nm
configure:7685: $? = 0
configure:7751: gcc -o conftest -g -O2   conftest.c conftstm.o >&5
warning: (arm64)  could not find object file symbol for symbol _main
configure:7754: $? = 0
configure:7792: result: ok
configure:7839: checking for sysroot
configure:7870: result: no
configure:7877: checking for a working dd
configure:7921: result: /bin/dd
configure:7925: checking how to truncate binary pipes
configure:7941: result: /bin/dd bs=4096 count=1
configure:8278: checking for mt
configure:8313: result: no
configure:8333: checking if : is a manifest tool
configure:8340: : '-?'
configure:8348: result: no
configure:8409: checking for dsymutil
configure:8430: found /usr/bin/dsymutil
configure:8441: result: dsymutil
configure:8511: checking for nmedit
configure:8532: found /usr/bin/nmedit
configure:8543: result: nmedit
configure:8613: checking for lipo
configure:8634: found /usr/bin/lipo
configure:8645: result: lipo
configure:8715: checking for otool
configure:8736: found /usr/bin/otool
configure:8747: result: otool
configure:8817: checking for otool64
configure:8852: result: no
configure:8897: checking for -single_module linker flag
gcc -g -O2  -o libconftest.dylib -dynamiclib -Wl,-single_module conftest.c
configure:8931: result: yes
configure:8934: checking for -exported_symbols_list linker flag
configure:8955: gcc -o conftest -g -O2   -Wl,-exported_symbols_list,conftest.sym conftest.c  >&5
configure:8955: $? = 0
configure:8966: result: yes
configure:8969: checking for -force_load linker flag
gcc -g -O2 -c -o conftest.o conftest.c
ar cr libconftest.a conftest.o
ranlib libconftest.a
gcc -g -O2  -o conftest conftest.c -Wl,-force_load,./libconftest.a
configure:9002: result: yes
configure:9073: checking for stdio.h
configure:9073: gcc -c -g -O2  conftest.c >&5
configure:9073: $? = 0
configure:9073: result: yes
configure:9073: checking for stdlib.h
configure:9073: gcc -c -g -O2  conftest.c >&5
configure:9073: $? = 0
configure:9073: result: yes
configure:9073: checking for string.h
configure:9073: gcc -c -g -O2  conftest.c >&5
configure:9073: $? = 0
configure:9073: result: yes
configure:9073: checking for inttypes.h
configure:9073: gcc -c -g -O2  conftest.c >&5
configure:9073: $? = 0
configure:9073: result: yes
configure:9073: checking for stdint.h
configure:9073: gcc -c -g -O2  conftest.c >&5
configure:9073: $? = 0
configure:9073: result: yes
configure:9073: checking for strings.h
configure:9073: gcc -c -g -O2  conftest.c >&5
configure:9073: $? = 0
configure:9073: result: yes
configure:9073: checking for sys/stat.h
configure:9073: gcc -c -g -O2  conftest.c >&5
configure:9073: $? = 0
configure:9073: result: yes
configure:9073: checking for sys/types.h
configure:9073: gcc -c -g -O2  conftest.c >&5
configure:9073: $? = 0
configure:9073: result: yes
configure:9073: checking for unistd.h
configure:9073: gcc -c -g -O2  conftest.c >&5
configure:9073: $? = 0
configure:9073: result: yes
configure:9098: checking for dlfcn.h
configure:9098: gcc -c -g -O2  conftest.c >&5
configure:9098: $? = 0
configure:9098: result: yes
configure:9368: checking for objdir
configure:9384: result: .libs
configure:9648: checking if gcc supports -fno-rtti -fno-exceptions
configure:9667: gcc -c -g -O2  -fno-rtti -fno-exceptions conftest.c >&5
configure:9671: $? = 0
configure:9684: result: yes
configure:10042: checking for gcc option to produce PIC
configure:10050: result: -fno-common -DPIC
configure:10058: checking if gcc PIC flag -fno-common -DPIC works
configure:10077: gcc -c -g -O2  -fno-common -DPIC -DPIC conftest.c >&5
configure:10081: $? = 0
configure:10094: result: yes
configure:10123: checking if gcc static flag -static works
configure:10152: result: no
configure:10167: checking if gcc supports -c -o file.o
configure:10189: gcc -c -g -O2  -o out/conftest2.o conftest.c >&5
configure:10193: $? = 0
configure:10215: result: yes
configure:10223: checking if gcc supports -c -o file.o
configure:10271: result: yes
configure:10304: checking whether the gcc linker (/Applications/Xcode.app/Contents/Developer/Toolchains/XcodeDefault.xctoolchain/usr/bin/ld) supports shared libraries
configure:11572: result: yes
configure:11813: checking dynamic linker characteristics
configure:12634: result: darwin22.2.0 dyld
configure:12756: checking how to hardcode library paths into programs
configure:12781: result: immediate
configure:13333: checking whether stripping libraries is possible
configure:13350: result: yes
configure:13384: checking if libtool supports shared libraries
configure:13386: result: yes
configure:13389: checking whether to build shared libraries
configure:13414: result: yes
configure:13417: checking whether to build static libraries
configure:13421: result: yes
configure:13444: checking how to run the C++ preprocessor
configure:13466: g++ -E  conftest.cpp
configure:13466: $? = 0
configure:13481: g++ -E  conftest.cpp
conftest.cpp:21:10: fatal error: 'ac_nonexistent.h' file not found
#include <ac_nonexistent.h>
         ^~~~~~~~~~~~~~~~~~
1 error generated.
configure:13481: $? = 1
configure: failed program was:
| /* confdefs.h */
| #define PACKAGE_NAME "LibRaw"
| #define PACKAGE_TARNAME "libraw"
| #define PACKAGE_VERSION "0.21.1"
| #define PACKAGE_STRING "LibRaw 0.21.1"
| #define PACKAGE_BUGREPORT "info@libraw.org"
| #define PACKAGE_URL "http://www.libraw.org"
| #define HAVE_STDIO_H 1
| #define HAVE_STDLIB_H 1
| #define HAVE_STRING_H 1
| #define HAVE_INTTYPES_H 1
| #define HAVE_STDINT_H 1
| #define HAVE_STRINGS_H 1
| #define HAVE_SYS_STAT_H 1
| #define HAVE_SYS_TYPES_H 1
| #define HAVE_UNISTD_H 1
| #define STDC_HEADERS 1
| #define HAVE_DLFCN_H 1
| #define LT_OBJDIR ".libs/"
| /* end confdefs.h.  */
| #include <ac_nonexistent.h>
configure:13508: result: g++ -E
configure:13522: g++ -E  conftest.cpp
configure:13522: $? = 0
configure:13537: g++ -E  conftest.cpp
conftest.cpp:21:10: fatal error: 'ac_nonexistent.h' file not found
#include <ac_nonexistent.h>
         ^~~~~~~~~~~~~~~~~~
1 error generated.
configure:13537: $? = 1
configure: failed program was:
| /* confdefs.h */
| #define PACKAGE_NAME "LibRaw"
| #define PACKAGE_TARNAME "libraw"
| #define PACKAGE_VERSION "0.21.1"
| #define PACKAGE_STRING "LibRaw 0.21.1"
| #define PACKAGE_BUGREPORT "info@libraw.org"
| #define PACKAGE_URL "http://www.libraw.org"
| #define HAVE_STDIO_H 1
| #define HAVE_STDLIB_H 1
| #define HAVE_STRING_H 1
| #define HAVE_INTTYPES_H 1
| #define HAVE_STDINT_H 1
| #define HAVE_STRINGS_H 1
| #define HAVE_SYS_STAT_H 1
| #define HAVE_SYS_TYPES_H 1
| #define HAVE_UNISTD_H 1
| #define STDC_HEADERS 1
| #define HAVE_DLFCN_H 1
| #define LT_OBJDIR ".libs/"
| /* end confdefs.h.  */
| #include <ac_nonexistent.h>
configure:13702: checking for ld used by g++
configure:13770: result: /Applications/Xcode.app/Contents/Developer/Toolchains/XcodeDefault.xctoolchain/usr/bin/ld
configure:13777: checking if the linker (/Applications/Xcode.app/Contents/Developer/Toolchains/XcodeDefault.xctoolchain/usr/bin/ld) is GNU ld
configure:13793: result: no
configure:13848: checking whether the g++ linker (/Applications/Xcode.app/Contents/Developer/Toolchains/XcodeDefault.xctoolchain/usr/bin/ld) supports shared libraries
configure:14926: result: yes
configure:14962: g++ -c -g -O2  conftest.cpp >&5
configure:14965: $? = 0
configure:15446: checking for g++ option to produce PIC
configure:15454: result: -fno-common -DPIC
configure:15462: checking if g++ PIC flag -fno-common -DPIC works
configure:15481: g++ -c -g -O2  -fno-common -DPIC -DPIC conftest.cpp >&5
configure:15485: $? = 0
configure:15498: result: yes
configure:15521: checking if g++ static flag -static works
configure:15550: result: no
configure:15562: checking if g++ supports -c -o file.o
configure:15584: g++ -c -g -O2  -o out/conftest2.o conftest.cpp >&5
configure:15588: $? = 0
configure:15610: result: yes
configure:15615: checking if g++ supports -c -o file.o
configure:15663: result: yes
configure:15693: checking whether the g++ linker (/Applications/Xcode.app/Contents/Developer/Toolchains/XcodeDefault.xctoolchain/usr/bin/ld) supports shared libraries
configure:15733: result: yes
configure:15875: checking dynamic linker characteristics
configure:16623: result: darwin22.2.0 dyld
configure:16688: checking how to hardcode library paths into programs
configure:16713: result: immediate
configure:17184: checking for OpenMP flag of C compiler
configure:17218: gcc -o conftest -g -O2 -fopenmp   conftest.c  >&5
clang: error: unsupported option '-fopenmp'
clang: error: unsupported option '-fopenmp'
configure:17218: $? = 1
configure: failed program was:
| /* confdefs.h */
| #define PACKAGE_NAME "LibRaw"
| #define PACKAGE_TARNAME "libraw"
| #define PACKAGE_VERSION "0.21.1"
| #define PACKAGE_STRING "LibRaw 0.21.1"
| #define PACKAGE_BUGREPORT "info@libraw.org"
| #define PACKAGE_URL "http://www.libraw.org"
| #define HAVE_STDIO_H 1
| #define HAVE_STDLIB_H 1
| #define HAVE_STRING_H 1
| #define HAVE_INTTYPES_H 1
| #define HAVE_STDINT_H 1
| #define HAVE_STRINGS_H 1
| #define HAVE_SYS_STAT_H 1
| #define HAVE_SYS_TYPES_H 1
| #define HAVE_UNISTD_H 1
| #define STDC_HEADERS 1
| #define HAVE_DLFCN_H 1
| #define LT_OBJDIR ".libs/"
| /* end confdefs.h.  */
| 
| /* Override any GCC internal prototype to avoid an error.
|    Use char because int might match the return type of a GCC
|    builtin and then its argument prototype would still apply.  */
| char omp_set_num_threads ();
| int
| main (void)
| {
| return omp_set_num_threads ();
|   ;
|   return 0;
| }
configure:17218: gcc -o conftest -g -O2 -openmp   conftest.c  >&5
Undefined symbols for architecture arm64:
  "_omp_set_num_threads", referenced from:
      _main in conftest-7ab0e0.o
ld: symbol(s) not found for architecture arm64
clang: error: linker command failed with exit code 1 (use -v to see invocation)
configure:17218: $? = 1
configure: failed program was:
| /* confdefs.h */
| #define PACKAGE_NAME "LibRaw"
| #define PACKAGE_TARNAME "libraw"
| #define PACKAGE_VERSION "0.21.1"
| #define PACKAGE_STRING "LibRaw 0.21.1"
| #define PACKAGE_BUGREPORT "info@libraw.org"
| #define PACKAGE_URL "http://www.libraw.org"
| #define HAVE_STDIO_H 1
| #define HAVE_STDLIB_H 1
| #define HAVE_STRING_H 1
| #define HAVE_INTTYPES_H 1
| #define HAVE_STDINT_H 1
| #define HAVE_STRINGS_H 1
| #define HAVE_SYS_STAT_H 1
| #define HAVE_SYS_TYPES_H 1
| #define HAVE_UNISTD_H 1
| #define STDC_HEADERS 1
| #define HAVE_DLFCN_H 1
| #define LT_OBJDIR ".libs/"
| /* end confdefs.h.  */
| 
| /* Override any GCC internal prototype to avoid an error.
|    Use char because int might match the return type of a GCC
|    builtin and then its argument prototype would still apply.  */
| char omp_set_num_threads ();
| int
| main (void)
| {
| return omp_set_num_threads ();
|   ;
|   return 0;
| }
configure:17218: gcc -o conftest -g -O2 -mp   conftest.c  >&5
clang: error: unknown argument: '-mp'
configure:17218: $? = 1
configure: failed program was:
| /* confdefs.h */
| #define PACKAGE_NAME "LibRaw"
| #define PACKAGE_TARNAME "libraw"
| #define PACKAGE_VERSION "0.21.1"
| #define PACKAGE_STRING "LibRaw 0.21.1"
| #define PACKAGE_BUGREPORT "info@libraw.org"
| #define PACKAGE_URL "http://www.libraw.org"
| #define HAVE_STDIO_H 1
| #define HAVE_STDLIB_H 1
| #define HAVE_STRING_H 1
| #define HAVE_INTTYPES_H 1
| #define HAVE_STDINT_H 1
| #define HAVE_STRINGS_H 1
| #define HAVE_SYS_STAT_H 1
| #define HAVE_SYS_TYPES_H 1
| #define HAVE_UNISTD_H 1
| #define STDC_HEADERS 1
| #define HAVE_DLFCN_H 1
| #define LT_OBJDIR ".libs/"
| /* end confdefs.h.  */
| 
| /* Override any GCC internal prototype to avoid an error.
|    Use char because int might match the return type of a GCC
|    builtin and then its argument prototype would still apply.  */
| char omp_set_num_threads ();
| int
| main (void)
| {
| return omp_set_num_threads ();
|   ;
|   return 0;
| }
configure:17218: gcc -o conftest -g -O2 -xopenmp   conftest.c  >&5
clang: error: language not recognized: 'openmp'
configure:17218: $? = 1
configure: failed program was:
| /* confdefs.h */
| #define PACKAGE_NAME "LibRaw"
| #define PACKAGE_TARNAME "libraw"
| #define PACKAGE_VERSION "0.21.1"
| #define PACKAGE_STRING "LibRaw 0.21.1"
| #define PACKAGE_BUGREPORT "info@libraw.org"
| #define PACKAGE_URL "http://www.libraw.org"
| #define HAVE_STDIO_H 1
| #define HAVE_STDLIB_H 1
| #define HAVE_STRING_H 1
| #define HAVE_INTTYPES_H 1
| #define HAVE_STDINT_H 1
| #define HAVE_STRINGS_H 1
| #define HAVE_SYS_STAT_H 1
| #define HAVE_SYS_TYPES_H 1
| #define HAVE_UNISTD_H 1
| #define STDC_HEADERS 1
| #define HAVE_DLFCN_H 1
| #define LT_OBJDIR ".libs/"
| /* end confdefs.h.  */
| 
| /* Override any GCC internal prototype to avoid an error.
|    Use char because int might match the return type of a GCC
|    builtin and then its argument prototype would still apply.  */
| char omp_set_num_threads ();
| int
| main (void)
| {
| return omp_set_num_threads ();
|   ;
|   return 0;
| }
configure:17218: gcc -o conftest -g -O2 -omp   conftest.c  >&5
Undefined symbols for architecture arm64:
  "_omp_set_num_threads", referenced from:
      _main in conftest-7f10d0.o
ld: symbol(s) not found for architecture arm64
clang: error: linker command failed with exit code 1 (use -v to see invocation)
configure:17218: $? = 1
configure: failed program was:
| /* confdefs.h */
| #define PACKAGE_NAME "LibRaw"
| #define PACKAGE_TARNAME "libraw"
| #define PACKAGE_VERSION "0.21.1"
| #define PACKAGE_STRING "LibRaw 0.21.1"
| #define PACKAGE_BUGREPORT "info@libraw.org"
| #define PACKAGE_URL "http://www.libraw.org"
| #define HAVE_STDIO_H 1
| #define HAVE_STDLIB_H 1
| #define HAVE_STRING_H 1
| #define HAVE_INTTYPES_H 1
| #define HAVE_STDINT_H 1
| #define HAVE_STRINGS_H 1
| #define HAVE_SYS_STAT_H 1
| #define HAVE_SYS_TYPES_H 1
| #define HAVE_UNISTD_H 1
| #define STDC_HEADERS 1
| #define HAVE_DLFCN_H 1
| #define LT_OBJDIR ".libs/"
| /* end confdefs.h.  */
| 
| /* Override any GCC internal prototype to avoid an error.
|    Use char because int might match the return type of a GCC
|    builtin and then its argument prototype would still apply.  */
| char omp_set_num_threads ();
| int
| main (void)
| {
| return omp_set_num_threads ();
|   ;
|   return 0;
| }
configure:17218: gcc -o conftest -g -O2 -qsmp=omp   conftest.c  >&5
clang: error: unknown argument: '-qsmp=omp'
configure:17218: $? = 1
configure: failed program was:
| /* confdefs.h */
| #define PACKAGE_NAME "LibRaw"
| #define PACKAGE_TARNAME "libraw"
| #define PACKAGE_VERSION "0.21.1"
| #define PACKAGE_STRING "LibRaw 0.21.1"
| #define PACKAGE_BUGREPORT "info@libraw.org"
| #define PACKAGE_URL "http://www.libraw.org"
| #define HAVE_STDIO_H 1
| #define HAVE_STDLIB_H 1
| #define HAVE_STRING_H 1
| #define HAVE_INTTYPES_H 1
| #define HAVE_STDINT_H 1
| #define HAVE_STRINGS_H 1
| #define HAVE_SYS_STAT_H 1
| #define HAVE_SYS_TYPES_H 1
| #define HAVE_UNISTD_H 1
| #define STDC_HEADERS 1
| #define HAVE_DLFCN_H 1
| #define LT_OBJDIR ".libs/"
| /* end confdefs.h.  */
| 
| /* Override any GCC internal prototype to avoid an error.
|    Use char because int might match the return type of a GCC
|    builtin and then its argument prototype would still apply.  */
| char omp_set_num_threads ();
| int
| main (void)
| {
| return omp_set_num_threads ();
|   ;
|   return 0;
| }
configure:17218: gcc -o conftest    conftest.c  >&5
Undefined symbols for architecture arm64:
  "_omp_set_num_threads", referenced from:
      _main in conftest-5aa936.o
ld: symbol(s) not found for architecture arm64
clang: error: linker command failed with exit code 1 (use -v to see invocation)
configure:17218: $? = 1
configure: failed program was:
| /* confdefs.h */
| #define PACKAGE_NAME "LibRaw"
| #define PACKAGE_TARNAME "libraw"
| #define PACKAGE_VERSION "0.21.1"
| #define PACKAGE_STRING "LibRaw 0.21.1"
| #define PACKAGE_BUGREPORT "info@libraw.org"
| #define PACKAGE_URL "http://www.libraw.org"
| #define HAVE_STDIO_H 1
| #define HAVE_STDLIB_H 1
| #define HAVE_STRING_H 1
| #define HAVE_INTTYPES_H 1
| #define HAVE_STDINT_H 1
| #define HAVE_STRINGS_H 1
| #define HAVE_SYS_STAT_H 1
| #define HAVE_SYS_TYPES_H 1
| #define HAVE_UNISTD_H 1
| #define STDC_HEADERS 1
| #define HAVE_DLFCN_H 1
| #define LT_OBJDIR ".libs/"
| /* end confdefs.h.  */
| 
| /* Override any GCC internal prototype to avoid an error.
|    Use char because int might match the return type of a GCC
|    builtin and then its argument prototype would still apply.  */
| char omp_set_num_threads ();
| int
| main (void)
| {
| return omp_set_num_threads ();
|   ;
|   return 0;
| }
configure:17228: result: unknown
configure:17232: WARNING: OpenMP support cannot be enabled because your system doesn't support it.
configure:17264: checking for jpeg_mem_src in -ljpeg
configure:17287: gcc -o conftest -g -O2   conftest.c -ljpeg   >&5
ld: library not found for -ljpeg
clang: error: linker command failed with exit code 1 (use -v to see invocation)
configure:17287: $? = 1
configure: failed program was:
| /* confdefs.h */
| #define PACKAGE_NAME "LibRaw"
| #define PACKAGE_TARNAME "libraw"
| #define PACKAGE_VERSION "0.21.1"
| #define PACKAGE_STRING "LibRaw 0.21.1"
| #define PACKAGE_BUGREPORT "info@libraw.org"
| #define PACKAGE_URL "http://www.libraw.org"
| #define HAVE_STDIO_H 1
| #define HAVE_STDLIB_H 1
| #define HAVE_STRING_H 1
| #define HAVE_INTTYPES_H 1
| #define HAVE_STDINT_H 1
| #define HAVE_STRINGS_H 1
| #define HAVE_SYS_STAT_H 1
| #define HAVE_SYS_TYPES_H 1
| #define HAVE_UNISTD_H 1
| #define STDC_HEADERS 1
| #define HAVE_DLFCN_H 1
| #define LT_OBJDIR ".libs/"
| /* end confdefs.h.  */
| 
| /* Override any GCC internal prototype to avoid an error.
|    Use char because int might match the return type of a GCC
|    builtin and then its argument prototype would still apply.  */
| char jpeg_mem_src ();
| int
| main (void)
| {
| return jpeg_mem_src ();
|   ;
|   return 0;
| }
configure:17297: result: no
configure:17322: WARNING: libjpeg not found
configure:17344: checking for jas_init in -ljasper
configure:17367: gcc -o conftest -g -O2   conftest.c -ljasper   >&5
ld: library not found for -ljasper
clang: error: linker command failed with exit code 1 (use -v to see invocation)
configure:17367: $? = 1
configure: failed program was:
| /* confdefs.h */
| #define PACKAGE_NAME "LibRaw"
| #define PACKAGE_TARNAME "libraw"
| #define PACKAGE_VERSION "0.21.1"
| #define PACKAGE_STRING "LibRaw 0.21.1"
| #define PACKAGE_BUGREPORT "info@libraw.org"
| #define PACKAGE_URL "http://www.libraw.org"
| #define HAVE_STDIO_H 1
| #define HAVE_STDLIB_H 1
| #define HAVE_STRING_H 1
| #define HAVE_INTTYPES_H 1
| #define HAVE_STDINT_H 1
| #define HAVE_STRINGS_H 1
| #define HAVE_SYS_STAT_H 1
| #define HAVE_SYS_TYPES_H 1
| #define HAVE_UNISTD_H 1
| #define STDC_HEADERS 1
| #define HAVE_DLFCN_H 1
| #define LT_OBJDIR ".libs/"
| /* end confdefs.h.  */
| 
| /* Override any GCC internal prototype to avoid an error.
|    Use char because int might match the return type of a GCC
|    builtin and then its argument prototype would still apply.  */
| char jas_init ();
| int
| main (void)
| {
| return jas_init ();
|   ;
|   return 0;
| }
configure:17377: result: no
configure:17402: WARNING: libjasper not found
configure:17483: checking for pkg-config
configure:17506: found /opt/local/bin/pkg-config
configure:17518: result: /opt/local/bin/pkg-config
configure:17543: checking pkg-config is at least version 0.9.0
configure:17546: result: yes
configure:17556: checking for ZLIB
configure:17563: $PKG_CONFIG --exists --print-errors "zlib"
configure:17566: $? = 0
configure:17580: $PKG_CONFIG --exists --print-errors "zlib"
configure:17583: $? = 0
configure:17625: result: yes
configure:17653: checking for LCMS2
configure:17660: $PKG_CONFIG --exists --print-errors "lcms2"
configure:17663: $? = 0
configure:17677: $PKG_CONFIG --exists --print-errors "lcms2"
configure:17680: $? = 0
configure:17884: result: yes
configure:18073: checking that generated files are newer than configure
configure:18079: result: done
configure:18110: creating ./config.status

## ---------------------- ##
## Running config.status. ##
## ---------------------- ##

This file was extended by LibRaw config.status 0.21.1, which was
generated by GNU Autoconf 2.71.  Invocation command line was

  CONFIG_FILES    = 
  CONFIG_HEADERS  = 
  CONFIG_LINKS    = 
  CONFIG_COMMANDS = 
  $ ./config.status 

on Mac-mini-Ilya.local

config.status:1086: creating Makefile
config.status:1086: creating libraw.pc
config.status:1086: creating libraw_r.pc
config.status:1258: executing depfiles commands
config.status:1335: cd .       && sed -e '/# am--include-marker/d' Makefile         | make -f - am--depfiles
config.status:1340: $? = 0
config.status:1258: executing libtool commands

## ---------------- ##
## Cache variables. ##
## ---------------- ##

ac_cv_build=arm-apple-darwin22.2.0
ac_cv_c_compiler_gnu=yes
ac_cv_cxx_compiler_gnu=yes
ac_cv_env_CCC_set=
ac_cv_env_CCC_value=
ac_cv_env_CC_set=
ac_cv_env_CC_value=
ac_cv_env_CFLAGS_set=
ac_cv_env_CFLAGS_value=
ac_cv_env_CPPFLAGS_set=
ac_cv_env_CPPFLAGS_value=
ac_cv_env_CXXCPP_set=
ac_cv_env_CXXCPP_value=
ac_cv_env_CXXFLAGS_set=
ac_cv_env_CXXFLAGS_value=
ac_cv_env_CXX_set=
ac_cv_env_CXX_value=
ac_cv_env_LCMS2_CFLAGS_set=
ac_cv_env_LCMS2_CFLAGS_value=
ac_cv_env_LCMS2_LIBS_set=
ac_cv_env_LCMS2_LIBS_value=
ac_cv_env_LCMS_CFLAGS_set=
ac_cv_env_LCMS_CFLAGS_value=
ac_cv_env_LCMS_LIBS_set=
ac_cv_env_LCMS_LIBS_value=
ac_cv_env_LDFLAGS_set=
ac_cv_env_LDFLAGS_value=
ac_cv_env_LIBS_set=
ac_cv_env_LIBS_value=
ac_cv_env_LT_SYS_LIBRARY_PATH_set=
ac_cv_env_LT_SYS_LIBRARY_PATH_value=
ac_cv_env_PKG_CONFIG_LIBDIR_set=
ac_cv_env_PKG_CONFIG_LIBDIR_value=
ac_cv_env_PKG_CONFIG_PATH_set=
ac_cv_env_PKG_CONFIG_PATH_value=
ac_cv_env_PKG_CONFIG_set=
ac_cv_env_PKG_CONFIG_value=
ac_cv_env_ZLIB_CFLAGS_set=
ac_cv_env_ZLIB_CFLAGS_value=
ac_cv_env_ZLIB_LIBS_set=
ac_cv_env_ZLIB_LIBS_value=
ac_cv_env_build_alias_set=
ac_cv_env_build_alias_value=
ac_cv_env_host_alias_set=
ac_cv_env_host_alias_value=
ac_cv_env_target_alias_set=
ac_cv_env_target_alias_value=
ac_cv_header_dlfcn_h=yes
ac_cv_header_inttypes_h=yes
ac_cv_header_stdint_h=yes
ac_cv_header_stdio_h=yes
ac_cv_header_stdlib_h=yes
ac_cv_header_string_h=yes
ac_cv_header_strings_h=yes
ac_cv_header_sys_stat_h=yes
ac_cv_header_sys_types_h=yes
ac_cv_header_unistd_h=yes
ac_cv_host=arm-apple-darwin22.2.0
ac_cv_lib_jasper_jas_init=no
ac_cv_lib_jpeg_jpeg_mem_src=no
ac_cv_objext=o
ac_cv_path_EGREP='/usr/bin/grep -E'
ac_cv_path_FGREP='/usr/bin/grep -F'
ac_cv_path_GREP=/usr/bin/grep
ac_cv_path_SED=/usr/bin/sed
ac_cv_path_ac_pt_PKG_CONFIG=/opt/local/bin/pkg-config
ac_cv_path_install='/usr/bin/install -c'
ac_cv_path_lt_DD=/bin/dd
ac_cv_prog_AWK=gawk
ac_cv_prog_CXXCPP='g++ -E'
ac_cv_prog_ac_ct_AR=ar
ac_cv_prog_ac_ct_CC=gcc
ac_cv_prog_ac_ct_CXX=g++
ac_cv_prog_ac_ct_DSYMUTIL=dsymutil
ac_cv_prog_ac_ct_FILECMD=file
ac_cv_prog_ac_ct_LIPO=lipo
ac_cv_prog_ac_ct_NMEDIT=nmedit
ac_cv_prog_ac_ct_OBJDUMP=objdump
ac_cv_prog_ac_ct_OTOOL=otool
ac_cv_prog_ac_ct_RANLIB=ranlib
ac_cv_prog_ac_ct_STRIP=strip
ac_cv_prog_cc_c11=
ac_cv_prog_cc_g=yes
ac_cv_prog_cc_stdc=
ac_cv_prog_cxx_11=no
ac_cv_prog_cxx_g=yes
ac_cv_prog_cxx_stdcxx=
ac_cv_prog_make_make_set=yes
am_cv_CC_dependencies_compiler_type=gcc3
am_cv_CXX_dependencies_compiler_type=gcc3
am_cv_make_support_nested_variables=yes
am_cv_prog_cc_c_o=yes
ax_cv_c_openmp=unknown
lt_cv_apple_cc_single_mod=yes
lt_cv_ar_at_file=no
lt_cv_deplibs_check_method=pass_all
lt_cv_file_magic_cmd='$MAGIC_CMD'
lt_cv_file_magic_test_file=
lt_cv_ld_exported_symbols_list=yes
lt_cv_ld_force_load=yes
lt_cv_ld_reload_flag=-r
lt_cv_nm_interface='BSD nm'
lt_cv_objdir=.libs
lt_cv_path_LD=/Applications/Xcode.app/Contents/Developer/Toolchains/XcodeDefault.xctoolchain/usr/bin/ld
lt_cv_path_LDCXX=/Applications/Xcode.app/Contents/Developer/Toolchains/XcodeDefault.xctoolchain/usr/bin/ld
lt_cv_path_NM='/usr/bin/nm -B'
lt_cv_path_mainfest_tool=no
lt_cv_prog_compiler_c_o=yes
lt_cv_prog_compiler_c_o_CXX=yes
lt_cv_prog_compiler_pic='-fno-common -DPIC'
lt_cv_prog_compiler_pic_CXX='-fno-common -DPIC'
lt_cv_prog_compiler_pic_works=yes
lt_cv_prog_compiler_pic_works_CXX=yes
lt_cv_prog_compiler_rtti_exceptions=yes
lt_cv_prog_compiler_static_works=no
lt_cv_prog_compiler_static_works_CXX=no
lt_cv_prog_gnu_ld=no
lt_cv_prog_gnu_ldcxx=no
lt_cv_sharedlib_from_linklib_cmd='printf %s\n'
lt_cv_sys_global_symbol_pipe='/usr/bin/sed -n -e '\''s/^.*[	 ]\([ABCDGIRSTW][ABCDGIRSTW]*\)[	 ][	 ]*_\([_A-Za-z][_A-Za-z0-9]*\)$/\1 _\2 \2/p'\'' | /usr/bin/sed '\''/ __gnu_lto/d'\'''
lt_cv_sys_global_symbol_to_c_name_address='/usr/bin/sed -n -e '\''s/^: \(.*\) .*$/  {"\1", (void *) 0},/p'\'' -e '\''s/^[ABCDGIRSTW][ABCDGIRSTW]* .* \(.*\)$/  {"\1", (void *) \&\1},/p'\'''
lt_cv_sys_global_symbol_to_c_name_address_lib_prefix='/usr/bin/sed -n -e '\''s/^: \(.*\) .*$/  {"\1", (void *) 0},/p'\'' -e '\''s/^[ABCDGIRSTW][ABCDGIRSTW]* .* \(lib.*\)$/  {"\1", (void *) \&\1},/p'\'' -e '\''s/^[ABCDGIRSTW][ABCDGIRSTW]* .* \(.*\)$/  {"lib\1", (void *) \&\1},/p'\'''
lt_cv_sys_global_symbol_to_cdecl='/usr/bin/sed -n -e '\''s/^T .* \(.*\)$/extern int \1();/p'\'' -e '\''s/^[ABCDGIRSTW][ABCDGIRSTW]* .* \(.*\)$/extern char \1;/p'\'''
lt_cv_sys_global_symbol_to_import=
lt_cv_sys_max_cmd_len=786432
lt_cv_to_host_file_cmd=func_convert_file_noop
lt_cv_to_tool_file_cmd=func_convert_file_noop
lt_cv_truncate_bin='/bin/dd bs=4096 count=1'
pkg_cv_LCMS2_CFLAGS=-I/opt/local/include
pkg_cv_LCMS2_LIBS='-L/opt/local/lib -llcms2'
pkg_cv_ZLIB_CFLAGS=-I/opt/local/include
pkg_cv_ZLIB_LIBS='-L/opt/local/lib -lz'

## ----------------- ##
## Output variables. ##
## ----------------- ##

ACLOCAL='${SHELL} '\''/Users/nightrain/src/LibRaw-0.21.1/missing'\'' aclocal-1.16'
AMDEPBACKSLASH='\'
AMDEP_FALSE='#'
AMDEP_TRUE=''
AMTAR='$${TAR-tar}'
AM_BACKSLASH='\'
AM_DEFAULT_V='$(AM_DEFAULT_VERBOSITY)'
AM_DEFAULT_VERBOSITY='1'
AM_V='$(V)'
AR='ar'
AS='as'
AUTOCONF='${SHELL} '\''/Users/nightrain/src/LibRaw-0.21.1/missing'\'' autoconf'
AUTOHEADER='${SHELL} '\''/Users/nightrain/src/LibRaw-0.21.1/missing'\'' autoheader'
AUTOMAKE='${SHELL} '\''/Users/nightrain/src/LibRaw-0.21.1/missing'\'' automake-1.16'
AWK='gawk'
CC='gcc'
CCDEPMODE='depmode=gcc3'
CFLAGS='-g -O2'
CPPFLAGS=' -I/opt/local/include -DUSE_ZLIB -I/opt/local/include -DUSE_LCMS2'
CSCOPE='cscope'
CTAGS='ctags'
CXX='g++'
CXXCPP='g++ -E'
CXXDEPMODE='depmode=gcc3'
CXXFLAGS='-g -O2'
CYGPATH_W='echo'
DEFS='-DPACKAGE_NAME=\"LibRaw\" -DPACKAGE_TARNAME=\"libraw\" -DPACKAGE_VERSION=\"0.21.1\" -DPACKAGE_STRING=\"LibRaw\ 0.21.1\" -DPACKAGE_BUGREPORT=\"info@libraw.org\" -DPACKAGE_URL=\"http://www.libraw.org\" -DHAVE_STDIO_H=1 -DHAVE_STDLIB_H=1 -DHAVE_STRING_H=1 -DHAVE_INTTYPES_H=1 -DHAVE_STDINT_H=1 -DHAVE_STRINGS_H=1 -DHAVE_SYS_STAT_H=1 -DHAVE_SYS_TYPES_H=1 -DHAVE_UNISTD_H=1 -DSTDC_HEADERS=1 -DHAVE_DLFCN_H=1 -DLT_OBJDIR=\".libs/\"'
DEPDIR='.deps'
DLLTOOL='false'
DSYMUTIL='dsymutil'
DUMPBIN=''
ECHO_C='\c'
ECHO_N=''
ECHO_T=''
EGREP='/usr/bin/grep -E'
ETAGS='etags'
EXAMPLES_FALSE='#'
EXAMPLES_TRUE=''
EXEEXT=''
FGREP='/usr/bin/grep -F'
FILECMD='file'
GREP='/usr/bin/grep'
INSTALL_DATA='${INSTALL} -m 644'
INSTALL_PROGRAM='${INSTALL}'
INSTALL_SCRIPT='${INSTALL}'
INSTALL_STRIP_PROGRAM='$(install_sh) -c -s'
LCMS2_CFLAGS='-I/opt/local/include'
LCMS2_LIBS='-L/opt/local/lib -llcms2'
LCMS_CFLAGS=''
LCMS_LIBS=''
LD='/Applications/Xcode.app/Contents/Developer/Toolchains/XcodeDefault.xctoolchain/usr/bin/ld'
LDFLAGS=''
LIBOBJS=''
LIBRAW_RELEASE_VERSION='0.21.1'
LIBRAW_SHLIB_VERSION='23:0:0'
LIBS=' -L/opt/local/lib -lz -L/opt/local/lib -llcms2 -lm'
LIBTOOL='$(SHELL) $(top_builddir)/libtool'
LIBTOOL_DEPS='.//ltmain.sh'
LIPO='lipo'
LN_S='ln -s'
LTLIBOBJS=''
LT_SYS_LIBRARY_PATH=''
MAKEINFO='${SHELL} '\''/Users/nightrain/src/LibRaw-0.21.1/missing'\'' makeinfo'
MANIFEST_TOOL=':'
MKDIR_P='./install-sh -c -d'
NM='/usr/bin/nm -B'
NMEDIT='nmedit'
OBJDUMP='objdump'
OBJEXT='o'
OTOOL64=':'
OTOOL='otool'
PACKAGE='libraw'
PACKAGE_BUGREPORT='info@libraw.org'
PACKAGE_LIBS_PRIVATE=''
PACKAGE_NAME='LibRaw'
PACKAGE_REQUIRES='lcms2'
PACKAGE_STRING='LibRaw 0.21.1'
PACKAGE_TARNAME='libraw'
PACKAGE_URL='http://www.libraw.org'
PACKAGE_VERSION='0.21.1'
PATH_SEPARATOR=':'
PC_OPENMP=''
PKG_CONFIG='/opt/local/bin/pkg-config'
PKG_CONFIG_LIBDIR=''
PKG_CONFIG_PATH=''
RANLIB='ranlib'
SED='/usr/bin/sed'
SET_MAKE=''
SHELL='/bin/sh'
STRIP='strip'
VERSION='0.21.1'
ZLIB_CFLAGS='-I/opt/local/include'
ZLIB_LIBS='-L/opt/local/lib -lz'
ac_ct_AR='ar'
ac_ct_CC='gcc'
ac_ct_CXX='g++'
ac_ct_DUMPBIN=''
am__EXEEXT_FALSE=''
am__EXEEXT_TRUE='#'
am__fastdepCC_FALSE='#'
am__fastdepCC_TRUE=''
am__fastdepCXX_FALSE='#'
am__fastdepCXX_TRUE=''
am__include='include'
am__isrc=''
am__leading_dot='.'
am__nodep='_no'
am__quote=''
am__tar='$${TAR-tar} chof - "$$tardir"'
am__untar='$${TAR-tar} xf -'
bindir='${exec_prefix}/bin'
build='arm-apple-darwin22.2.0'
build_alias=''
build_cpu='arm'
build_os='darwin22.2.0'
build_vendor='apple'
datadir='${datarootdir}'
datarootdir='${prefix}/share'
docdir='${datarootdir}/doc/${PACKAGE_TARNAME}'
dvidir='${docdir}'
exec_prefix='${prefix}'
host='arm-apple-darwin22.2.0'
host_alias=''
host_cpu='arm'
host_os='darwin22.2.0'
host_vendor='apple'
htmldir='${docdir}'
includedir='${prefix}/include'
infodir='${datarootdir}/info'
install_sh='${SHELL} /Users/nightrain/src/LibRaw-0.21.1/install-sh'
libdir='${exec_prefix}/lib'
libexecdir='${exec_prefix}/libexec'
localedir='${datarootdir}/locale'
localstatedir='${prefix}/var'
mandir='${datarootdir}/man'
mkdir_p='$(MKDIR_P)'
oldincludedir='/usr/include'
pdfdir='${docdir}'
prefix='/usr/local'
program_transform_name='s,x,x,'
psdir='${docdir}'
runstatedir='${localstatedir}/run'
sbindir='${exec_prefix}/sbin'
sharedstatedir='${prefix}/com'
sysconfdir='${prefix}/etc'
target_alias=''

## ----------- ##
## confdefs.h. ##
## ----------- ##

/* confdefs.h */
#define PACKAGE_NAME "LibRaw"
#define PACKAGE_TARNAME "libraw"
#define PACKAGE_VERSION "0.21.1"
#define PACKAGE_STRING "LibRaw 0.21.1"
#define PACKAGE_BUGREPORT "info@libraw.org"
#define PACKAGE_URL "http://www.libraw.org"
#define HAVE_STDIO_H 1
#define HAVE_STDLIB_H 1
#define HAVE_STRING_H 1
#define HAVE_INTTYPES_H 1
#define HAVE_STDINT_H 1
#define HAVE_STRINGS_H 1
#define HAVE_SYS_STAT_H 1
#define HAVE_SYS_TYPES_H 1
#define HAVE_UNISTD_H 1
#define STDC_HEADERS 1
#define HAVE_DLFCN_H 1
#define LT_OBJDIR ".libs/"

configure: exit 0
